14:30:27.088 492  [main] INFO  ru.mirea.pract_21.Application – Starting Application using Java 17.0.10 with PID 5640 (D:\IntelliJ IDEA Community Edition 2023.2.1\Projects\pract_19\build\classes\java\main started by Roman in D:\IntelliJ IDEA Community Edition 2023.2.1\Projects\pract_19)
14:30:27.090 494  [main] INFO  ru.mirea.pract_21.Application – No active profile set, falling back to 1 default profile: "default"
14:30:27.565 969  [main] INFO  o.s.d.r.c.RepositoryConfigurationDelegate – Bootstrapping Spring Data JPA repositories in DEFAULT mode.
14:30:27.685 1089 [main] INFO  o.s.d.r.c.RepositoryConfigurationDelegate – Finished Spring Data repository scanning in 112 ms. Found 2 JPA repository interfaces.
14:30:28.112 1516 [main] INFO  o.s.b.w.e.tomcat.TomcatWebServer – Tomcat initialized with port 8016 (http)
14:30:28.120 1524 [main] INFO  o.a.coyote.http11.Http11NioProtocol – Initializing ProtocolHandler ["http-nio-8016"]
14:30:28.121 1525 [main] INFO  o.a.catalina.core.StandardService – Starting service [Tomcat]
14:30:28.121 1525 [main] INFO  o.a.catalina.core.StandardEngine – Starting Servlet engine: [Apache Tomcat/10.1.19]
14:30:28.172 1576 [main] INFO  o.a.c.c.C.[Tomcat].[localhost].[/] – Initializing Spring embedded WebApplicationContext
14:30:28.173 1577 [main] INFO  o.s.b.w.s.c.ServletWebServerApplicationContext – Root WebApplicationContext: initialization completed in 1050 ms
14:30:28.276 1680 [main] INFO  o.h.jpa.internal.util.LogHelper – HHH000204: Processing PersistenceUnitInfo [name: default]
14:30:28.319 1723 [main] INFO  org.hibernate.Version – HHH000412: Hibernate ORM core version 6.4.4.Final
14:30:28.345 1749 [main] INFO  o.h.c.i.RegionFactoryInitiator – HHH000026: Second-level cache disabled
14:30:28.515 1919 [main] INFO  o.s.o.j.p.SpringPersistenceUnitInfo – No LoadTimeWeaver setup: ignoring JPA class transformer
14:30:28.534 1938 [main] INFO  com.zaxxer.hikari.HikariDataSource – HikariPool-1 - Starting...
14:30:28.663 2067 [main] INFO  com.zaxxer.hikari.pool.HikariPool – HikariPool-1 - Added connection org.postgresql.jdbc.PgConnection@57416e49
14:30:28.664 2068 [main] INFO  com.zaxxer.hikari.HikariDataSource – HikariPool-1 - Start completed.
14:30:28.697 2101 [main] WARN  org.hibernate.orm.deprecation – HHH90000025: PostgreSQLDialect does not need to be specified explicitly using 'hibernate.dialect' (remove the property setting and it will be selected by default)
14:30:29.340 2744 [main] INFO  o.h.e.t.j.p.i.JtaPlatformInitiator – HHH000489: No JTA platform available (set 'hibernate.transaction.jta.platform' to enable JTA platform integration)
14:30:29.374 2778 [main] INFO  o.s.o.j.LocalContainerEntityManagerFactoryBean – Initialized JPA EntityManagerFactory for persistence unit 'default'
14:30:29.607 3011 [main] WARN  o.s.b.a.o.j.JpaBaseConfiguration$JpaWebConfiguration – spring.jpa.open-in-view is enabled by default. Therefore, database queries may be performed during view rendering. Explicitly configure spring.jpa.open-in-view to disable this warning
14:30:29.827 3231 [main] INFO  o.a.coyote.http11.Http11NioProtocol – Starting ProtocolHandler ["http-nio-8016"]
14:30:29.841 3245 [main] INFO  o.s.b.w.e.tomcat.TomcatWebServer – Tomcat started on port 8016 (http) with context path ''
14:30:29.847 3251 [main] INFO  ru.mirea.pract_21.Application – Started Application in 3.003 seconds (process running for 3.408)
14:30:54.746 28150 [http-nio-8016-exec-1] INFO  o.a.c.c.C.[Tomcat].[localhost].[/] – Initializing Spring DispatcherServlet 'dispatcherServlet'
14:30:54.746 28150 [http-nio-8016-exec-1] INFO  o.s.web.servlet.DispatcherServlet – Initializing Servlet 'dispatcherServlet'
14:30:54.747 28151 [http-nio-8016-exec-1] INFO  o.s.web.servlet.DispatcherServlet – Completed initialization in 1 ms
14:30:54.773 28177 [http-nio-8016-exec-1] INFO  r.m.pract_19.service.ProductService – Reading all products
16:02:13.888 525  [main] INFO  ru.mirea.pract_21.Application – Starting Application using Java 17.0.10 with PID 956 (D:\IntelliJ IDEA Community Edition 2023.2.1\Projects\pract_20\build\classes\java\main started by Roman in D:\IntelliJ IDEA Community Edition 2023.2.1\Projects\pract_20)
16:02:13.891 528  [main] INFO  ru.mirea.pract_21.Application – No active profile set, falling back to 1 default profile: "default"
16:02:14.414 1051 [main] INFO  o.s.d.r.c.RepositoryConfigurationDelegate – Bootstrapping Spring Data JPA repositories in DEFAULT mode.
16:02:14.543 1180 [main] INFO  o.s.d.r.c.RepositoryConfigurationDelegate – Finished Spring Data repository scanning in 120 ms. Found 2 JPA repository interfaces.
16:02:15.127 1764 [main] INFO  o.s.b.w.e.tomcat.TomcatWebServer – Tomcat initialized with port 8016 (http)
16:02:15.135 1772 [main] INFO  o.a.coyote.http11.Http11NioProtocol – Initializing ProtocolHandler ["http-nio-8016"]
16:02:15.137 1774 [main] INFO  o.a.catalina.core.StandardService – Starting service [Tomcat]
16:02:15.137 1774 [main] INFO  o.a.catalina.core.StandardEngine – Starting Servlet engine: [Apache Tomcat/10.1.19]
16:02:15.191 1828 [main] INFO  o.a.c.c.C.[Tomcat].[localhost].[/] – Initializing Spring embedded WebApplicationContext
16:02:15.191 1828 [main] INFO  o.s.b.w.s.c.ServletWebServerApplicationContext – Root WebApplicationContext: initialization completed in 1263 ms
16:02:15.318 1955 [main] INFO  o.h.jpa.internal.util.LogHelper – HHH000204: Processing PersistenceUnitInfo [name: default]
16:02:15.364 2001 [main] INFO  org.hibernate.Version – HHH000412: Hibernate ORM core version 6.4.4.Final
16:02:15.390 2027 [main] INFO  o.h.c.i.RegionFactoryInitiator – HHH000026: Second-level cache disabled
16:02:15.590 2227 [main] INFO  o.s.o.j.p.SpringPersistenceUnitInfo – No LoadTimeWeaver setup: ignoring JPA class transformer
16:02:15.615 2252 [main] INFO  com.zaxxer.hikari.HikariDataSource – HikariPool-1 - Starting...
16:02:15.764 2401 [main] INFO  com.zaxxer.hikari.pool.HikariPool – HikariPool-1 - Added connection org.postgresql.jdbc.PgConnection@a69f9d
16:02:15.766 2403 [main] INFO  com.zaxxer.hikari.HikariDataSource – HikariPool-1 - Start completed.
16:02:15.800 2437 [main] WARN  org.hibernate.orm.deprecation – HHH90000025: PostgreSQLDialect does not need to be specified explicitly using 'hibernate.dialect' (remove the property setting and it will be selected by default)
16:02:16.485 3122 [main] INFO  o.h.e.t.j.p.i.JtaPlatformInitiator – HHH000489: No JTA platform available (set 'hibernate.transaction.jta.platform' to enable JTA platform integration)
16:02:16.523 3160 [main] INFO  o.s.o.j.LocalContainerEntityManagerFactoryBean – Initialized JPA EntityManagerFactory for persistence unit 'default'
16:02:16.823 3460 [main] WARN  o.s.b.a.o.j.JpaBaseConfiguration$JpaWebConfiguration – spring.jpa.open-in-view is enabled by default. Therefore, database queries may be performed during view rendering. Explicitly configure spring.jpa.open-in-view to disable this warning
16:02:17.075 3712 [main] INFO  o.a.coyote.http11.Http11NioProtocol – Starting ProtocolHandler ["http-nio-8016"]
16:02:17.090 3727 [main] INFO  o.s.b.w.e.tomcat.TomcatWebServer – Tomcat started on port 8016 (http) with context path ''
16:02:17.097 3734 [main] INFO  ru.mirea.pract_21.Application – Started Application in 3.467 seconds (process running for 3.895)
16:11:22.678 549315 [http-nio-8016-exec-1] INFO  o.a.c.c.C.[Tomcat].[localhost].[/] – Initializing Spring DispatcherServlet 'dispatcherServlet'
16:11:22.678 549315 [http-nio-8016-exec-1] INFO  o.s.web.servlet.DispatcherServlet – Initializing Servlet 'dispatcherServlet'
16:11:22.679 549316 [http-nio-8016-exec-1] INFO  o.s.web.servlet.DispatcherServlet – Completed initialization in 1 ms
16:11:22.707 549344 [http-nio-8016-exec-1] INFO  ru.mirea.pract_21.Aspect – 2024-05-23 16:11:22
16:11:22.707 549344 [http-nio-8016-exec-1] INFO  r.m.pract_20.service.ProductService – Reading all products
