558  [main] INFO  ru.mirea.pract_22.Application – Starting Application using Java 17.0.10 with PID 8208 (D:\IntelliJ IDEA Community Edition 2023.2.1\Projects\pract_21\build\classes\java\main started by Roman in D:\IntelliJ IDEA Community Edition 2023.2.1\Projects\pract_21)
560  [main] INFO  ru.mirea.pract_22.Application – No active profile set, falling back to 1 default profile: "default"
1110 [main] INFO  o.s.d.r.c.RepositoryConfigurationDelegate – Bootstrapping Spring Data JPA repositories in DEFAULT mode.
1248 [main] INFO  o.s.d.r.c.RepositoryConfigurationDelegate – Finished Spring Data repository scanning in 128 ms. Found 2 JPA repository interfaces.
1798 [main] INFO  o.s.b.w.e.tomcat.TomcatWebServer – Tomcat initialized with port 8016 (http)
1812 [main] INFO  o.a.coyote.http11.Http11NioProtocol – Initializing ProtocolHandler ["http-nio-8016"]
1814 [main] INFO  o.a.catalina.core.StandardService – Starting service [Tomcat]
1814 [main] INFO  o.a.catalina.core.StandardEngine – Starting Servlet engine: [Apache Tomcat/10.1.19]
1868 [main] INFO  o.a.c.c.C.[Tomcat].[localhost].[/] – Initializing Spring embedded WebApplicationContext
1869 [main] INFO  o.s.b.w.s.c.ServletWebServerApplicationContext – Root WebApplicationContext: initialization completed in 1269 ms
1995 [main] INFO  o.h.jpa.internal.util.LogHelper – HHH000204: Processing PersistenceUnitInfo [name: default]
2059 [main] INFO  org.hibernate.Version – HHH000412: Hibernate ORM core version 6.4.4.Final
2095 [main] INFO  o.h.c.i.RegionFactoryInitiator – HHH000026: Second-level cache disabled
2315 [main] INFO  o.s.o.j.p.SpringPersistenceUnitInfo – No LoadTimeWeaver setup: ignoring JPA class transformer
2339 [main] INFO  com.zaxxer.hikari.HikariDataSource – HikariPool-1 - Starting...
2493 [main] INFO  com.zaxxer.hikari.pool.HikariPool – HikariPool-1 - Added connection org.postgresql.jdbc.PgConnection@72715e61
2494 [main] INFO  com.zaxxer.hikari.HikariDataSource – HikariPool-1 - Start completed.
2541 [main] WARN  org.hibernate.orm.deprecation – HHH90000025: PostgreSQLDialect does not need to be specified explicitly using 'hibernate.dialect' (remove the property setting and it will be selected by default)
3239 [main] INFO  o.h.e.t.j.p.i.JtaPlatformInitiator – HHH000489: No JTA platform available (set 'hibernate.transaction.jta.platform' to enable JTA platform integration)
3288 [main] INFO  o.s.o.j.LocalContainerEntityManagerFactoryBean – Initialized JPA EntityManagerFactory for persistence unit 'default'
3590 [main] WARN  o.s.b.a.o.j.JpaBaseConfiguration$JpaWebConfiguration – spring.jpa.open-in-view is enabled by default. Therefore, database queries may be performed during view rendering. Explicitly configure spring.jpa.open-in-view to disable this warning
3850 [main] INFO  o.a.coyote.http11.Http11NioProtocol – Starting ProtocolHandler ["http-nio-8016"]
3865 [main] INFO  o.s.b.w.e.tomcat.TomcatWebServer – Tomcat started on port 8016 (http) with context path ''
3877 [main] INFO  ru.mirea.pract_22.Application – Started Application in 3.591 seconds (process running for 4.033)
28290 [http-nio-8016-exec-1] INFO  o.a.c.c.C.[Tomcat].[localhost].[/] – Initializing Spring DispatcherServlet 'dispatcherServlet'
28291 [http-nio-8016-exec-1] INFO  o.s.web.servlet.DispatcherServlet – Initializing Servlet 'dispatcherServlet'
28292 [http-nio-8016-exec-1] INFO  o.s.web.servlet.DispatcherServlet – Completed initialization in 0 ms
28327 [http-nio-8016-exec-1] INFO  ru.mirea.pract_22.Aspect – 2024-05-28 20:14:06
28327 [http-nio-8016-exec-1] INFO  r.m.pract_21.service.ProductService – Reading all products
65947 [http-nio-8016-exec-3] INFO  ru.mirea.pract_22.Aspect – 2024-05-28 20:14:43
65947 [http-nio-8016-exec-3] INFO  r.m.pract_21.service.ProductService – Creating product: ru.mirea.pract_22.model.Product@a938047
65980 [http-nio-8016-exec-3] INFO  ru.mirea.pract_22.Aspect – 2024-05-28 20:14:43
500  [main] INFO  ru.mirea.pract_22.Application – Starting Application using Java 17.0.10 with PID 16904 (D:\IntelliJ IDEA Community Edition 2023.2.1\Projects\pract_21\build\classes\java\main started by Roman in D:\IntelliJ IDEA Community Edition 2023.2.1\Projects\pract_21)
502  [main] INFO  ru.mirea.pract_22.Application – No active profile set, falling back to 1 default profile: "default"
988  [main] INFO  o.s.d.r.c.RepositoryConfigurationDelegate – Bootstrapping Spring Data JPA repositories in DEFAULT mode.
1104 [main] INFO  o.s.d.r.c.RepositoryConfigurationDelegate – Finished Spring Data repository scanning in 110 ms. Found 2 JPA repository interfaces.
1592 [main] INFO  o.s.b.w.e.tomcat.TomcatWebServer – Tomcat initialized with port 8016 (http)
1598 [main] INFO  o.a.coyote.http11.Http11NioProtocol – Initializing ProtocolHandler ["http-nio-8016"]
1599 [main] INFO  o.a.catalina.core.StandardService – Starting service [Tomcat]
1600 [main] INFO  o.a.catalina.core.StandardEngine – Starting Servlet engine: [Apache Tomcat/10.1.19]
1648 [main] INFO  o.a.c.c.C.[Tomcat].[localhost].[/] – Initializing Spring embedded WebApplicationContext
1648 [main] INFO  o.s.b.w.s.c.ServletWebServerApplicationContext – Root WebApplicationContext: initialization completed in 1111 ms
1766 [main] INFO  o.h.jpa.internal.util.LogHelper – HHH000204: Processing PersistenceUnitInfo [name: default]
1806 [main] INFO  org.hibernate.Version – HHH000412: Hibernate ORM core version 6.4.4.Final
1831 [main] INFO  o.h.c.i.RegionFactoryInitiator – HHH000026: Second-level cache disabled
2010 [main] INFO  o.s.o.j.p.SpringPersistenceUnitInfo – No LoadTimeWeaver setup: ignoring JPA class transformer
2033 [main] INFO  com.zaxxer.hikari.HikariDataSource – HikariPool-1 - Starting...
2179 [main] INFO  com.zaxxer.hikari.pool.HikariPool – HikariPool-1 - Added connection org.postgresql.jdbc.PgConnection@386e9fd8
2180 [main] INFO  com.zaxxer.hikari.HikariDataSource – HikariPool-1 - Start completed.
2207 [main] WARN  org.hibernate.orm.deprecation – HHH90000025: PostgreSQLDialect does not need to be specified explicitly using 'hibernate.dialect' (remove the property setting and it will be selected by default)
2866 [main] INFO  o.h.e.t.j.p.i.JtaPlatformInitiator – HHH000489: No JTA platform available (set 'hibernate.transaction.jta.platform' to enable JTA platform integration)
2903 [main] INFO  o.s.o.j.LocalContainerEntityManagerFactoryBean – Initialized JPA EntityManagerFactory for persistence unit 'default'
3195 [main] WARN  o.s.b.a.o.j.JpaBaseConfiguration$JpaWebConfiguration – spring.jpa.open-in-view is enabled by default. Therefore, database queries may be performed during view rendering. Explicitly configure spring.jpa.open-in-view to disable this warning
3437 [main] INFO  o.a.coyote.http11.Http11NioProtocol – Starting ProtocolHandler ["http-nio-8016"]
3452 [main] INFO  o.s.b.w.e.tomcat.TomcatWebServer – Tomcat started on port 8016 (http) with context path ''
3459 [main] INFO  ru.mirea.pract_22.Application – Started Application in 3.195 seconds (process running for 3.615)
7574 [http-nio-8016-exec-1] INFO  o.a.c.c.C.[Tomcat].[localhost].[/] – Initializing Spring DispatcherServlet 'dispatcherServlet'
7574 [http-nio-8016-exec-1] INFO  o.s.web.servlet.DispatcherServlet – Initializing Servlet 'dispatcherServlet'
7575 [http-nio-8016-exec-1] INFO  o.s.web.servlet.DispatcherServlet – Completed initialization in 1 ms
7618 [http-nio-8016-exec-1] INFO  ru.mirea.pract_22.Aspect – 2024-05-28 20:16:28
7619 [http-nio-8016-exec-1] INFO  r.m.pract_21.service.ProductService – Creating product: ru.mirea.pract_22.model.Product@48f137f5
7659 [http-nio-8016-exec-1] INFO  ru.mirea.pract_22.Aspect – 2024-05-28 20:16:28
24177 [http-nio-8016-exec-2] INFO  ru.mirea.pract_22.Aspect – 2024-05-28 20:16:45
24178 [http-nio-8016-exec-2] INFO  r.m.pract_21.service.ProductService – Creating product: ru.mirea.pract_22.model.Product@24f276b
24179 [http-nio-8016-exec-2] INFO  ru.mirea.pract_22.Aspect – 2024-05-28 20:16:45
493  [main] INFO  ru.mirea.pract_22.Application – Starting Application using Java 17.0.10 with PID 2416 (D:\IntelliJ IDEA Community Edition 2023.2.1\Projects\pract_21\build\classes\java\main started by Roman in D:\IntelliJ IDEA Community Edition 2023.2.1\Projects\pract_21)
495  [main] INFO  ru.mirea.pract_22.Application – No active profile set, falling back to 1 default profile: "default"
982  [main] INFO  o.s.d.r.c.RepositoryConfigurationDelegate – Bootstrapping Spring Data JPA repositories in DEFAULT mode.
1095 [main] INFO  o.s.d.r.c.RepositoryConfigurationDelegate – Finished Spring Data repository scanning in 107 ms. Found 2 JPA repository interfaces.
1609 [main] INFO  o.s.b.w.e.tomcat.TomcatWebServer – Tomcat initialized with port 8016 (http)
1615 [main] INFO  o.a.coyote.http11.Http11NioProtocol – Initializing ProtocolHandler ["http-nio-8016"]
1617 [main] INFO  o.a.catalina.core.StandardService – Starting service [Tomcat]
1617 [main] INFO  o.a.catalina.core.StandardEngine – Starting Servlet engine: [Apache Tomcat/10.1.19]
1669 [main] INFO  o.a.c.c.C.[Tomcat].[localhost].[/] – Initializing Spring embedded WebApplicationContext
1669 [main] INFO  o.s.b.w.s.c.ServletWebServerApplicationContext – Root WebApplicationContext: initialization completed in 1144 ms
1797 [main] INFO  o.h.jpa.internal.util.LogHelper – HHH000204: Processing PersistenceUnitInfo [name: default]
1848 [main] INFO  org.hibernate.Version – HHH000412: Hibernate ORM core version 6.4.4.Final
1875 [main] INFO  o.h.c.i.RegionFactoryInitiator – HHH000026: Second-level cache disabled
2060 [main] INFO  o.s.o.j.p.SpringPersistenceUnitInfo – No LoadTimeWeaver setup: ignoring JPA class transformer
2086 [main] INFO  com.zaxxer.hikari.HikariDataSource – HikariPool-1 - Starting...
2352 [main] INFO  com.zaxxer.hikari.pool.HikariPool – HikariPool-1 - Added connection org.postgresql.jdbc.PgConnection@66ab924
2354 [main] INFO  com.zaxxer.hikari.HikariDataSource – HikariPool-1 - Start completed.
2385 [main] WARN  org.hibernate.orm.deprecation – HHH90000025: PostgreSQLDialect does not need to be specified explicitly using 'hibernate.dialect' (remove the property setting and it will be selected by default)
3046 [main] INFO  o.h.e.t.j.p.i.JtaPlatformInitiator – HHH000489: No JTA platform available (set 'hibernate.transaction.jta.platform' to enable JTA platform integration)
3082 [main] INFO  o.s.o.j.LocalContainerEntityManagerFactoryBean – Initialized JPA EntityManagerFactory for persistence unit 'default'
3375 [main] WARN  o.s.b.a.o.j.JpaBaseConfiguration$JpaWebConfiguration – spring.jpa.open-in-view is enabled by default. Therefore, database queries may be performed during view rendering. Explicitly configure spring.jpa.open-in-view to disable this warning
3602 [main] INFO  o.a.coyote.http11.Http11NioProtocol – Starting ProtocolHandler ["http-nio-8016"]
3617 [main] INFO  o.s.b.w.e.tomcat.TomcatWebServer – Tomcat started on port 8016 (http) with context path ''
3624 [main] INFO  ru.mirea.pract_22.Application – Started Application in 3.369 seconds (process running for 3.777)
6057 [http-nio-8016-exec-1] INFO  o.a.c.c.C.[Tomcat].[localhost].[/] – Initializing Spring DispatcherServlet 'dispatcherServlet'
6057 [http-nio-8016-exec-1] INFO  o.s.web.servlet.DispatcherServlet – Initializing Servlet 'dispatcherServlet'
6058 [http-nio-8016-exec-1] INFO  o.s.web.servlet.DispatcherServlet – Completed initialization in 1 ms
6098 [http-nio-8016-exec-1] INFO  ru.mirea.pract_22.Aspect – 2024-05-28 20:19:35
6098 [http-nio-8016-exec-1] INFO  r.m.pract_21.service.ProductService – Creating product: ru.mirea.pract_22.model.Product@7553a69b
6143 [http-nio-8016-exec-1] INFO  ru.mirea.pract_22.Aspect – 2024-05-28 20:19:35
10272 [http-nio-8016-exec-2] INFO  ru.mirea.pract_22.Aspect – 2024-05-28 20:19:39
10273 [http-nio-8016-exec-2] INFO  r.m.pract_21.service.ProductService – Creating product: ru.mirea.pract_22.model.Product@254d69a1
10275 [http-nio-8016-exec-2] INFO  ru.mirea.pract_22.Aspect – 2024-05-28 20:19:39
489  [main] INFO  ru.mirea.pract_22.Application – Starting Application using Java 17.0.10 with PID 3084 (D:\IntelliJ IDEA Community Edition 2023.2.1\Projects\pract_21\build\classes\java\main started by Roman in D:\IntelliJ IDEA Community Edition 2023.2.1\Projects\pract_21)
490  [main] INFO  ru.mirea.pract_22.Application – No active profile set, falling back to 1 default profile: "default"
977  [main] INFO  o.s.d.r.c.RepositoryConfigurationDelegate – Bootstrapping Spring Data JPA repositories in DEFAULT mode.
1095 [main] INFO  o.s.d.r.c.RepositoryConfigurationDelegate – Finished Spring Data repository scanning in 112 ms. Found 2 JPA repository interfaces.
1602 [main] INFO  o.s.b.w.e.tomcat.TomcatWebServer – Tomcat initialized with port 8016 (http)
1609 [main] INFO  o.a.coyote.http11.Http11NioProtocol – Initializing ProtocolHandler ["http-nio-8016"]
1611 [main] INFO  o.a.catalina.core.StandardService – Starting service [Tomcat]
1611 [main] INFO  o.a.catalina.core.StandardEngine – Starting Servlet engine: [Apache Tomcat/10.1.19]
1664 [main] INFO  o.a.c.c.C.[Tomcat].[localhost].[/] – Initializing Spring embedded WebApplicationContext
1664 [main] INFO  o.s.b.w.s.c.ServletWebServerApplicationContext – Root WebApplicationContext: initialization completed in 1141 ms
1785 [main] INFO  o.h.jpa.internal.util.LogHelper – HHH000204: Processing PersistenceUnitInfo [name: default]
1830 [main] INFO  org.hibernate.Version – HHH000412: Hibernate ORM core version 6.4.4.Final
1857 [main] INFO  o.h.c.i.RegionFactoryInitiator – HHH000026: Second-level cache disabled
2041 [main] INFO  o.s.o.j.p.SpringPersistenceUnitInfo – No LoadTimeWeaver setup: ignoring JPA class transformer
2061 [main] INFO  com.zaxxer.hikari.HikariDataSource – HikariPool-1 - Starting...
2214 [main] INFO  com.zaxxer.hikari.pool.HikariPool – HikariPool-1 - Added connection org.postgresql.jdbc.PgConnection@5403431a
2215 [main] INFO  com.zaxxer.hikari.HikariDataSource – HikariPool-1 - Start completed.
513  [main] INFO  ru.mirea.pract_22.Application – Starting Application using Java 17.0.10 with PID 15304 (D:\IntelliJ IDEA Community Edition 2023.2.1\Projects\pract_21\build\classes\java\main started by Roman in D:\IntelliJ IDEA Community Edition 2023.2.1\Projects\pract_21)
516  [main] INFO  ru.mirea.pract_22.Application – No active profile set, falling back to 1 default profile: "default"
1005 [main] INFO  o.s.d.r.c.RepositoryConfigurationDelegate – Bootstrapping Spring Data JPA repositories in DEFAULT mode.
1119 [main] INFO  o.s.d.r.c.RepositoryConfigurationDelegate – Finished Spring Data repository scanning in 108 ms. Found 2 JPA repository interfaces.
1611 [main] INFO  o.s.b.w.e.tomcat.TomcatWebServer – Tomcat initialized with port 8016 (http)
1618 [main] INFO  o.a.coyote.http11.Http11NioProtocol – Initializing ProtocolHandler ["http-nio-8016"]
1619 [main] INFO  o.a.catalina.core.StandardService – Starting service [Tomcat]
1619 [main] INFO  o.a.catalina.core.StandardEngine – Starting Servlet engine: [Apache Tomcat/10.1.19]
1669 [main] INFO  o.a.c.c.C.[Tomcat].[localhost].[/] – Initializing Spring embedded WebApplicationContext
1669 [main] INFO  o.s.b.w.s.c.ServletWebServerApplicationContext – Root WebApplicationContext: initialization completed in 1120 ms
1783 [main] INFO  o.h.jpa.internal.util.LogHelper – HHH000204: Processing PersistenceUnitInfo [name: default]
1828 [main] INFO  org.hibernate.Version – HHH000412: Hibernate ORM core version 6.4.4.Final
1855 [main] INFO  o.h.c.i.RegionFactoryInitiator – HHH000026: Second-level cache disabled
2041 [main] INFO  o.s.o.j.p.SpringPersistenceUnitInfo – No LoadTimeWeaver setup: ignoring JPA class transformer
2062 [main] INFO  com.zaxxer.hikari.HikariDataSource – HikariPool-1 - Starting...
2310 [main] INFO  com.zaxxer.hikari.pool.HikariPool – HikariPool-1 - Added connection org.postgresql.jdbc.PgConnection@66ab924
2311 [main] INFO  com.zaxxer.hikari.HikariDataSource – HikariPool-1 - Start completed.
2338 [main] WARN  org.hibernate.orm.deprecation – HHH90000025: PostgreSQLDialect does not need to be specified explicitly using 'hibernate.dialect' (remove the property setting and it will be selected by default)
2967 [main] INFO  o.h.e.t.j.p.i.JtaPlatformInitiator – HHH000489: No JTA platform available (set 'hibernate.transaction.jta.platform' to enable JTA platform integration)
3001 [main] INFO  o.s.o.j.LocalContainerEntityManagerFactoryBean – Initialized JPA EntityManagerFactory for persistence unit 'default'
3283 [main] WARN  o.s.b.a.o.j.JpaBaseConfiguration$JpaWebConfiguration – spring.jpa.open-in-view is enabled by default. Therefore, database queries may be performed during view rendering. Explicitly configure spring.jpa.open-in-view to disable this warning
3509 [main] INFO  o.a.coyote.http11.Http11NioProtocol – Starting ProtocolHandler ["http-nio-8016"]
3525 [main] INFO  o.s.b.w.e.tomcat.TomcatWebServer – Tomcat started on port 8016 (http) with context path ''
3532 [main] INFO  ru.mirea.pract_22.Application – Started Application in 3.26 seconds (process running for 3.687)
7105 [http-nio-8016-exec-1] INFO  o.a.c.c.C.[Tomcat].[localhost].[/] – Initializing Spring DispatcherServlet 'dispatcherServlet'
7105 [http-nio-8016-exec-1] INFO  o.s.web.servlet.DispatcherServlet – Initializing Servlet 'dispatcherServlet'
7106 [http-nio-8016-exec-1] INFO  o.s.web.servlet.DispatcherServlet – Completed initialization in 1 ms
7150 [http-nio-8016-exec-1] INFO  ru.mirea.pract_22.Aspect – 2024-05-28 20:21:09
7150 [http-nio-8016-exec-1] INFO  r.m.pract_21.service.ProductService – Creating product: ru.mirea.pract_22.model.Product@5fb1d21d
7201 [http-nio-8016-exec-1] INFO  ru.mirea.pract_22.Aspect – 2024-05-28 20:21:09
552  [main] INFO  ru.mirea.pract_22.Application – Starting Application using Java 17.0.10 with PID 18820 (D:\IntelliJ IDEA Community Edition 2023.2.1\Projects\pract_21\build\classes\java\main started by Roman in D:\IntelliJ IDEA Community Edition 2023.2.1\Projects\pract_21)
554  [main] INFO  ru.mirea.pract_22.Application – No active profile set, falling back to 1 default profile: "default"
1140 [main] INFO  o.s.d.r.c.RepositoryConfigurationDelegate – Bootstrapping Spring Data JPA repositories in DEFAULT mode.
1276 [main] INFO  o.s.d.r.c.RepositoryConfigurationDelegate – Finished Spring Data repository scanning in 129 ms. Found 2 JPA repository interfaces.
1854 [main] INFO  o.s.b.w.e.tomcat.TomcatWebServer – Tomcat initialized with port 8016 (http)
1861 [main] INFO  o.a.coyote.http11.Http11NioProtocol – Initializing ProtocolHandler ["http-nio-8016"]
1863 [main] INFO  o.a.catalina.core.StandardService – Starting service [Tomcat]
1863 [main] INFO  o.a.catalina.core.StandardEngine – Starting Servlet engine: [Apache Tomcat/10.1.19]
1918 [main] INFO  o.a.c.c.C.[Tomcat].[localhost].[/] – Initializing Spring embedded WebApplicationContext
1918 [main] INFO  o.s.b.w.s.c.ServletWebServerApplicationContext – Root WebApplicationContext: initialization completed in 1314 ms
2036 [main] INFO  o.h.jpa.internal.util.LogHelper – HHH000204: Processing PersistenceUnitInfo [name: default]
2083 [main] INFO  org.hibernate.Version – HHH000412: Hibernate ORM core version 6.4.4.Final
2112 [main] INFO  o.h.c.i.RegionFactoryInitiator – HHH000026: Second-level cache disabled
2302 [main] INFO  o.s.o.j.p.SpringPersistenceUnitInfo – No LoadTimeWeaver setup: ignoring JPA class transformer
2322 [main] INFO  com.zaxxer.hikari.HikariDataSource – HikariPool-1 - Starting...
2471 [main] INFO  com.zaxxer.hikari.pool.HikariPool – HikariPool-1 - Added connection org.postgresql.jdbc.PgConnection@702096ef
2473 [main] INFO  com.zaxxer.hikari.HikariDataSource – HikariPool-1 - Start completed.
2503 [main] WARN  org.hibernate.orm.deprecation – HHH90000025: PostgreSQLDialect does not need to be specified explicitly using 'hibernate.dialect' (remove the property setting and it will be selected by default)
3230 [main] INFO  o.h.e.t.j.p.i.JtaPlatformInitiator – HHH000489: No JTA platform available (set 'hibernate.transaction.jta.platform' to enable JTA platform integration)
3270 [main] INFO  o.s.o.j.LocalContainerEntityManagerFactoryBean – Initialized JPA EntityManagerFactory for persistence unit 'default'
3583 [main] WARN  o.s.b.a.o.j.JpaBaseConfiguration$JpaWebConfiguration – spring.jpa.open-in-view is enabled by default. Therefore, database queries may be performed during view rendering. Explicitly configure spring.jpa.open-in-view to disable this warning
3817 [main] INFO  o.a.coyote.http11.Http11NioProtocol – Starting ProtocolHandler ["http-nio-8016"]
3835 [main] INFO  o.s.b.w.e.tomcat.TomcatWebServer – Tomcat started on port 8016 (http) with context path ''
3841 [main] INFO  ru.mirea.pract_22.Application – Started Application in 3.546 seconds (process running for 4.002)
5525 [http-nio-8016-exec-3] INFO  o.a.c.c.C.[Tomcat].[localhost].[/] – Initializing Spring DispatcherServlet 'dispatcherServlet'
5525 [http-nio-8016-exec-3] INFO  o.s.web.servlet.DispatcherServlet – Initializing Servlet 'dispatcherServlet'
5527 [http-nio-8016-exec-3] INFO  o.s.web.servlet.DispatcherServlet – Completed initialization in 2 ms
5570 [http-nio-8016-exec-3] INFO  ru.mirea.pract_22.Aspect – 2024-05-28 20:25:51
5570 [http-nio-8016-exec-3] INFO  r.m.pract_21.service.ProductService – Creating product: ru.mirea.pract_22.model.Product@45fd9426
5614 [http-nio-8016-exec-3] INFO  ru.mirea.pract_22.Aspect – 2024-05-28 20:25:51
14347 [http-nio-8016-exec-1] INFO  ru.mirea.pract_22.Aspect – 2024-05-28 20:26:00
14347 [http-nio-8016-exec-1] INFO  r.m.pract_21.service.ProductService – Reading all products
18105 [http-nio-8016-exec-2] INFO  ru.mirea.pract_22.Aspect – 2024-05-28 20:26:04
18105 [http-nio-8016-exec-2] INFO  r.m.pract_21.service.ProductService – Creating product: ru.mirea.pract_22.model.Product@66b1d82d
18108 [http-nio-8016-exec-2] INFO  ru.mirea.pract_22.Aspect – 2024-05-28 20:26:04
20167 [http-nio-8016-exec-4] INFO  ru.mirea.pract_22.Aspect – 2024-05-28 20:26:06
20168 [http-nio-8016-exec-4] INFO  r.m.pract_21.service.ProductService – Reading all products
511  [main] INFO  ru.mirea.pract_22.Application – Starting Application using Java 17.0.10 with PID 2528 (D:\IntelliJ IDEA Community Edition 2023.2.1\Projects\pract_21\build\classes\java\main started by Roman in D:\IntelliJ IDEA Community Edition 2023.2.1\Projects\pract_21)
513  [main] INFO  ru.mirea.pract_22.Application – No active profile set, falling back to 1 default profile: "default"
1033 [main] INFO  o.s.d.r.c.RepositoryConfigurationDelegate – Bootstrapping Spring Data JPA repositories in DEFAULT mode.
1151 [main] INFO  o.s.d.r.c.RepositoryConfigurationDelegate – Finished Spring Data repository scanning in 111 ms. Found 2 JPA repository interfaces.
1659 [main] INFO  o.s.b.w.e.tomcat.TomcatWebServer – Tomcat initialized with port 8016 (http)
1667 [main] INFO  o.a.coyote.http11.Http11NioProtocol – Initializing ProtocolHandler ["http-nio-8016"]
1668 [main] INFO  o.a.catalina.core.StandardService – Starting service [Tomcat]
1668 [main] INFO  o.a.catalina.core.StandardEngine – Starting Servlet engine: [Apache Tomcat/10.1.19]
1722 [main] INFO  o.a.c.c.C.[Tomcat].[localhost].[/] – Initializing Spring embedded WebApplicationContext
1722 [main] INFO  o.s.b.w.s.c.ServletWebServerApplicationContext – Root WebApplicationContext: initialization completed in 1170 ms
1837 [main] INFO  o.h.jpa.internal.util.LogHelper – HHH000204: Processing PersistenceUnitInfo [name: default]
1884 [main] INFO  org.hibernate.Version – HHH000412: Hibernate ORM core version 6.4.4.Final
1910 [main] INFO  o.h.c.i.RegionFactoryInitiator – HHH000026: Second-level cache disabled
2093 [main] INFO  o.s.o.j.p.SpringPersistenceUnitInfo – No LoadTimeWeaver setup: ignoring JPA class transformer
2115 [main] INFO  com.zaxxer.hikari.HikariDataSource – HikariPool-1 - Starting...
2261 [main] INFO  com.zaxxer.hikari.pool.HikariPool – HikariPool-1 - Added connection org.postgresql.jdbc.PgConnection@5db9f51f
2262 [main] INFO  com.zaxxer.hikari.HikariDataSource – HikariPool-1 - Start completed.
2289 [main] WARN  org.hibernate.orm.deprecation – HHH90000025: PostgreSQLDialect does not need to be specified explicitly using 'hibernate.dialect' (remove the property setting and it will be selected by default)
2964 [main] INFO  o.h.e.t.j.p.i.JtaPlatformInitiator – HHH000489: No JTA platform available (set 'hibernate.transaction.jta.platform' to enable JTA platform integration)
2998 [main] INFO  o.s.o.j.LocalContainerEntityManagerFactoryBean – Initialized JPA EntityManagerFactory for persistence unit 'default'
3302 [main] WARN  o.s.b.a.o.j.JpaBaseConfiguration$JpaWebConfiguration – spring.jpa.open-in-view is enabled by default. Therefore, database queries may be performed during view rendering. Explicitly configure spring.jpa.open-in-view to disable this warning
3531 [main] INFO  o.a.coyote.http11.Http11NioProtocol – Starting ProtocolHandler ["http-nio-8016"]
3549 [main] INFO  o.s.b.w.e.tomcat.TomcatWebServer – Tomcat started on port 8016 (http) with context path ''
3555 [main] INFO  ru.mirea.pract_22.Application – Started Application in 3.282 seconds (process running for 3.713)
8036 [http-nio-8016-exec-1] INFO  o.a.c.c.C.[Tomcat].[localhost].[/] – Initializing Spring DispatcherServlet 'dispatcherServlet'
8036 [http-nio-8016-exec-1] INFO  o.s.web.servlet.DispatcherServlet – Initializing Servlet 'dispatcherServlet'
8037 [http-nio-8016-exec-1] INFO  o.s.web.servlet.DispatcherServlet – Completed initialization in 1 ms
8069 [http-nio-8016-exec-1] INFO  ru.mirea.pract_22.Aspect – 2024-05-28 20:28:54
8070 [http-nio-8016-exec-1] INFO  r.m.pract_21.service.ProductService – Reading all products
11371 [http-nio-8016-exec-2] INFO  ru.mirea.pract_22.Aspect – 2024-05-28 20:28:57
11371 [http-nio-8016-exec-2] INFO  r.m.pract_21.service.ProductService – Creating product: ru.mirea.pract_22.model.Product@4066cca
11398 [task-1] INFO  ru.mirea.pract_22.Aspect – 2024-05-28 20:28:57
11959 [task-1] ERROR o.s.a.i.SimpleAsyncUncaughtExceptionHandler – Unexpected exception occurred invoking async method: public void ru.mirea.pract_22.service.EmailService.sendSimpleMessage(java.lang.String,java.lang.String)
org.springframework.mail.MailAuthenticationException: Authentication failed
	at org.springframework.mail.javamail.JavaMailSenderImpl.doSend(JavaMailSenderImpl.java:402)
	at org.springframework.mail.javamail.JavaMailSenderImpl.send(JavaMailSenderImpl.java:317)
	at org.springframework.mail.MailSender.send(MailSender.java:42)
	at ru.mirea.pract_22.service.EmailService.sendSimpleMessage(EmailService.java:25)
	at java.base/jdk.internal.reflect.NativeMethodAccessorImpl.invoke0(Native Method)
	at java.base/jdk.internal.reflect.NativeMethodAccessorImpl.invoke(NativeMethodAccessorImpl.java:77)
	at java.base/jdk.internal.reflect.DelegatingMethodAccessorImpl.invoke(DelegatingMethodAccessorImpl.java:43)
	at java.base/java.lang.reflect.Method.invoke(Method.java:568)
	at org.springframework.aop.support.AopUtils.invokeJoinpointUsingReflection(AopUtils.java:351)
	at org.springframework.aop.framework.ReflectiveMethodInvocation.invokeJoinpoint(ReflectiveMethodInvocation.java:196)
	at org.springframework.aop.framework.ReflectiveMethodInvocation.proceed(ReflectiveMethodInvocation.java:163)
	at org.springframework.aop.framework.CglibAopProxy$CglibMethodInvocation.proceed(CglibAopProxy.java:765)
	at org.springframework.aop.framework.adapter.MethodBeforeAdviceInterceptor.invoke(MethodBeforeAdviceInterceptor.java:58)
	at org.springframework.aop.framework.ReflectiveMethodInvocation.proceed(ReflectiveMethodInvocation.java:184)
	at org.springframework.aop.framework.CglibAopProxy$CglibMethodInvocation.proceed(CglibAopProxy.java:765)
	at org.springframework.aop.interceptor.ExposeInvocationInterceptor.invoke(ExposeInvocationInterceptor.java:97)
	at org.springframework.aop.framework.ReflectiveMethodInvocation.proceed(ReflectiveMethodInvocation.java:184)
	at org.springframework.aop.framework.CglibAopProxy$CglibMethodInvocation.proceed(CglibAopProxy.java:765)
	at org.springframework.aop.interceptor.AsyncExecutionInterceptor.lambda$invoke$0(AsyncExecutionInterceptor.java:113)
	at java.base/java.util.concurrent.FutureTask.run(FutureTask.java:264)
	at java.base/java.util.concurrent.ThreadPoolExecutor.runWorker(ThreadPoolExecutor.java:1136)
	at java.base/java.util.concurrent.ThreadPoolExecutor$Worker.run(ThreadPoolExecutor.java:635)
	at java.base/java.lang.Thread.run(Thread.java:842)
Caused by: jakarta.mail.AuthenticationFailedException: 535-5.7.8 Username and Password not accepted. For more information, go to
535 5.7.8  https://support.google.com/mail/?p=BadCredentials 2adb3069b0e04-5296f22774csm1007179e87.116 - gsmtp

	at org.eclipse.angus.mail.smtp.SMTPTransport$Authenticator.authenticate(SMTPTransport.java:954)
	at org.eclipse.angus.mail.smtp.SMTPTransport.authenticate(SMTPTransport.java:865)
	at org.eclipse.angus.mail.smtp.SMTPTransport.protocolConnect(SMTPTransport.java:769)
	at jakarta.mail.Service.connect(Service.java:345)
	at org.springframework.mail.javamail.JavaMailSenderImpl.connectTransport(JavaMailSenderImpl.java:480)
	at org.springframework.mail.javamail.JavaMailSenderImpl.doSend(JavaMailSenderImpl.java:399)
	... 22 common frames omitted
485  [main] INFO  ru.mirea.pract_22.Application – Starting Application using Java 17.0.10 with PID 4128 (D:\IntelliJ IDEA Community Edition 2023.2.1\Projects\pract_21\build\classes\java\main started by Roman in D:\IntelliJ IDEA Community Edition 2023.2.1\Projects\pract_21)
487  [main] INFO  ru.mirea.pract_22.Application – No active profile set, falling back to 1 default profile: "default"
979  [main] INFO  o.s.d.r.c.RepositoryConfigurationDelegate – Bootstrapping Spring Data JPA repositories in DEFAULT mode.
1096 [main] INFO  o.s.d.r.c.RepositoryConfigurationDelegate – Finished Spring Data repository scanning in 110 ms. Found 2 JPA repository interfaces.
1607 [main] INFO  o.s.b.w.e.tomcat.TomcatWebServer – Tomcat initialized with port 8016 (http)
1615 [main] INFO  o.a.coyote.http11.Http11NioProtocol – Initializing ProtocolHandler ["http-nio-8016"]
1616 [main] INFO  o.a.catalina.core.StandardService – Starting service [Tomcat]
1617 [main] INFO  o.a.catalina.core.StandardEngine – Starting Servlet engine: [Apache Tomcat/10.1.19]
1668 [main] INFO  o.a.c.c.C.[Tomcat].[localhost].[/] – Initializing Spring embedded WebApplicationContext
1668 [main] INFO  o.s.b.w.s.c.ServletWebServerApplicationContext – Root WebApplicationContext: initialization completed in 1143 ms
1788 [main] INFO  o.h.jpa.internal.util.LogHelper – HHH000204: Processing PersistenceUnitInfo [name: default]
1833 [main] INFO  org.hibernate.Version – HHH000412: Hibernate ORM core version 6.4.4.Final
1860 [main] INFO  o.h.c.i.RegionFactoryInitiator – HHH000026: Second-level cache disabled
2046 [main] INFO  o.s.o.j.p.SpringPersistenceUnitInfo – No LoadTimeWeaver setup: ignoring JPA class transformer
2070 [main] INFO  com.zaxxer.hikari.HikariDataSource – HikariPool-1 - Starting...
2221 [main] INFO  com.zaxxer.hikari.pool.HikariPool – HikariPool-1 - Added connection org.postgresql.jdbc.PgConnection@7d12429
2222 [main] INFO  com.zaxxer.hikari.HikariDataSource – HikariPool-1 - Start completed.
2252 [main] WARN  org.hibernate.orm.deprecation – HHH90000025: PostgreSQLDialect does not need to be specified explicitly using 'hibernate.dialect' (remove the property setting and it will be selected by default)
2930 [main] INFO  o.h.e.t.j.p.i.JtaPlatformInitiator – HHH000489: No JTA platform available (set 'hibernate.transaction.jta.platform' to enable JTA platform integration)
2967 [main] INFO  o.s.o.j.LocalContainerEntityManagerFactoryBean – Initialized JPA EntityManagerFactory for persistence unit 'default'
3290 [main] WARN  o.s.b.a.o.j.JpaBaseConfiguration$JpaWebConfiguration – spring.jpa.open-in-view is enabled by default. Therefore, database queries may be performed during view rendering. Explicitly configure spring.jpa.open-in-view to disable this warning
3544 [main] INFO  o.a.coyote.http11.Http11NioProtocol – Starting ProtocolHandler ["http-nio-8016"]
3558 [main] INFO  o.s.b.w.e.tomcat.TomcatWebServer – Tomcat started on port 8016 (http) with context path ''
3565 [main] INFO  ru.mirea.pract_22.Application – Started Application in 3.317 seconds (process running for 3.727)
4762 [http-nio-8016-exec-1] INFO  o.a.c.c.C.[Tomcat].[localhost].[/] – Initializing Spring DispatcherServlet 'dispatcherServlet'
4762 [http-nio-8016-exec-1] INFO  o.s.web.servlet.DispatcherServlet – Initializing Servlet 'dispatcherServlet'
4763 [http-nio-8016-exec-1] INFO  o.s.web.servlet.DispatcherServlet – Completed initialization in 1 ms
4800 [http-nio-8016-exec-1] INFO  ru.mirea.pract_22.Aspect – 2024-05-28 20:30:20
4801 [http-nio-8016-exec-1] INFO  r.m.pract_21.service.ProductService – Creating product: ru.mirea.pract_22.model.Product@22b8e416
4837 [task-1] INFO  ru.mirea.pract_22.Aspect – 2024-05-28 20:30:20
5424 [task-1] ERROR o.s.a.i.SimpleAsyncUncaughtExceptionHandler – Unexpected exception occurred invoking async method: public void ru.mirea.pract_22.service.EmailService.sendSimpleMessage(java.lang.String,java.lang.String)
org.springframework.mail.MailAuthenticationException: Authentication failed
	at org.springframework.mail.javamail.JavaMailSenderImpl.doSend(JavaMailSenderImpl.java:402)
	at org.springframework.mail.javamail.JavaMailSenderImpl.send(JavaMailSenderImpl.java:317)
	at org.springframework.mail.MailSender.send(MailSender.java:42)
	at ru.mirea.pract_22.service.EmailService.sendSimpleMessage(EmailService.java:25)
	at java.base/jdk.internal.reflect.NativeMethodAccessorImpl.invoke0(Native Method)
	at java.base/jdk.internal.reflect.NativeMethodAccessorImpl.invoke(NativeMethodAccessorImpl.java:77)
	at java.base/jdk.internal.reflect.DelegatingMethodAccessorImpl.invoke(DelegatingMethodAccessorImpl.java:43)
	at java.base/java.lang.reflect.Method.invoke(Method.java:568)
	at org.springframework.aop.support.AopUtils.invokeJoinpointUsingReflection(AopUtils.java:351)
	at org.springframework.aop.framework.ReflectiveMethodInvocation.invokeJoinpoint(ReflectiveMethodInvocation.java:196)
	at org.springframework.aop.framework.ReflectiveMethodInvocation.proceed(ReflectiveMethodInvocation.java:163)
	at org.springframework.aop.framework.CglibAopProxy$CglibMethodInvocation.proceed(CglibAopProxy.java:765)
	at org.springframework.aop.framework.adapter.MethodBeforeAdviceInterceptor.invoke(MethodBeforeAdviceInterceptor.java:58)
	at org.springframework.aop.framework.ReflectiveMethodInvocation.proceed(ReflectiveMethodInvocation.java:184)
	at org.springframework.aop.framework.CglibAopProxy$CglibMethodInvocation.proceed(CglibAopProxy.java:765)
	at org.springframework.aop.interceptor.ExposeInvocationInterceptor.invoke(ExposeInvocationInterceptor.java:97)
	at org.springframework.aop.framework.ReflectiveMethodInvocation.proceed(ReflectiveMethodInvocation.java:184)
	at org.springframework.aop.framework.CglibAopProxy$CglibMethodInvocation.proceed(CglibAopProxy.java:765)
	at org.springframework.aop.interceptor.AsyncExecutionInterceptor.lambda$invoke$0(AsyncExecutionInterceptor.java:113)
	at java.base/java.util.concurrent.FutureTask.run(FutureTask.java:264)
	at java.base/java.util.concurrent.ThreadPoolExecutor.runWorker(ThreadPoolExecutor.java:1136)
	at java.base/java.util.concurrent.ThreadPoolExecutor$Worker.run(ThreadPoolExecutor.java:635)
	at java.base/java.lang.Thread.run(Thread.java:842)
Caused by: jakarta.mail.AuthenticationFailedException: 535-5.7.8 Username and Password not accepted. For more information, go to
535 5.7.8  https://support.google.com/mail/?p=BadCredentials 2adb3069b0e04-52970e1e75dsm999736e87.230 - gsmtp

	at org.eclipse.angus.mail.smtp.SMTPTransport$Authenticator.authenticate(SMTPTransport.java:954)
	at org.eclipse.angus.mail.smtp.SMTPTransport.authenticate(SMTPTransport.java:865)
	at org.eclipse.angus.mail.smtp.SMTPTransport.protocolConnect(SMTPTransport.java:769)
	at jakarta.mail.Service.connect(Service.java:345)
	at org.springframework.mail.javamail.JavaMailSenderImpl.connectTransport(JavaMailSenderImpl.java:480)
	at org.springframework.mail.javamail.JavaMailSenderImpl.doSend(JavaMailSenderImpl.java:399)
	... 22 common frames omitted
504  [main] INFO  ru.mirea.pract_22.Application – Starting Application using Java 17.0.10 with PID 22228 (D:\IntelliJ IDEA Community Edition 2023.2.1\Projects\pract_21\build\classes\java\main started by Roman in D:\IntelliJ IDEA Community Edition 2023.2.1\Projects\pract_21)
506  [main] INFO  ru.mirea.pract_22.Application – No active profile set, falling back to 1 default profile: "default"
1020 [main] INFO  o.s.d.r.c.RepositoryConfigurationDelegate – Bootstrapping Spring Data JPA repositories in DEFAULT mode.
1139 [main] INFO  o.s.d.r.c.RepositoryConfigurationDelegate – Finished Spring Data repository scanning in 111 ms. Found 2 JPA repository interfaces.
1699 [main] INFO  o.s.b.w.e.tomcat.TomcatWebServer – Tomcat initialized with port 8016 (http)
1707 [main] INFO  o.a.coyote.http11.Http11NioProtocol – Initializing ProtocolHandler ["http-nio-8016"]
1709 [main] INFO  o.a.catalina.core.StandardService – Starting service [Tomcat]
1709 [main] INFO  o.a.catalina.core.StandardEngine – Starting Servlet engine: [Apache Tomcat/10.1.19]
1774 [main] INFO  o.a.c.c.C.[Tomcat].[localhost].[/] – Initializing Spring embedded WebApplicationContext
1775 [main] INFO  o.s.b.w.s.c.ServletWebServerApplicationContext – Root WebApplicationContext: initialization completed in 1232 ms
1912 [main] INFO  o.h.jpa.internal.util.LogHelper – HHH000204: Processing PersistenceUnitInfo [name: default]
1961 [main] INFO  org.hibernate.Version – HHH000412: Hibernate ORM core version 6.4.4.Final
1995 [main] INFO  o.h.c.i.RegionFactoryInitiator – HHH000026: Second-level cache disabled
2184 [main] INFO  o.s.o.j.p.SpringPersistenceUnitInfo – No LoadTimeWeaver setup: ignoring JPA class transformer
2204 [main] INFO  com.zaxxer.hikari.HikariDataSource – HikariPool-1 - Starting...
2348 [main] INFO  com.zaxxer.hikari.pool.HikariPool – HikariPool-1 - Added connection org.postgresql.jdbc.PgConnection@343db2f6
2349 [main] INFO  com.zaxxer.hikari.HikariDataSource – HikariPool-1 - Start completed.
2378 [main] WARN  org.hibernate.orm.deprecation – HHH90000025: PostgreSQLDialect does not need to be specified explicitly using 'hibernate.dialect' (remove the property setting and it will be selected by default)
3030 [main] INFO  o.h.e.t.j.p.i.JtaPlatformInitiator – HHH000489: No JTA platform available (set 'hibernate.transaction.jta.platform' to enable JTA platform integration)
3066 [main] INFO  o.s.o.j.LocalContainerEntityManagerFactoryBean – Initialized JPA EntityManagerFactory for persistence unit 'default'
3417 [main] WARN  o.s.b.a.o.j.JpaBaseConfiguration$JpaWebConfiguration – spring.jpa.open-in-view is enabled by default. Therefore, database queries may be performed during view rendering. Explicitly configure spring.jpa.open-in-view to disable this warning
3679 [main] INFO  o.a.coyote.http11.Http11NioProtocol – Starting ProtocolHandler ["http-nio-8016"]
3693 [main] INFO  o.s.b.w.e.tomcat.TomcatWebServer – Tomcat started on port 8016 (http) with context path ''
3700 [main] INFO  ru.mirea.pract_22.Application – Started Application in 3.446 seconds (process running for 3.853)
8161 [http-nio-8016-exec-1] INFO  o.a.c.c.C.[Tomcat].[localhost].[/] – Initializing Spring DispatcherServlet 'dispatcherServlet'
8161 [http-nio-8016-exec-1] INFO  o.s.web.servlet.DispatcherServlet – Initializing Servlet 'dispatcherServlet'
8162 [http-nio-8016-exec-1] INFO  o.s.web.servlet.DispatcherServlet – Completed initialization in 1 ms
8200 [http-nio-8016-exec-1] INFO  ru.mirea.pract_22.Aspect – 2024-05-28 20:39:22
8200 [http-nio-8016-exec-1] INFO  r.m.pract_21.service.ProductService – Creating product: ru.mirea.pract_22.model.Product@22b8e416
8240 [task-1] INFO  ru.mirea.pract_22.Aspect – 2024-05-28 20:39:23
87391 [http-nio-8016-exec-3] INFO  ru.mirea.pract_22.Aspect – 2024-05-28 20:40:42
87653 [http-nio-8016-exec-3] INFO  r.m.pract_21.service.ProductService – Deleting product: id=1
87686 [task-2] INFO  ru.mirea.pract_22.Aspect – 2024-05-28 20:40:42
489  [main] INFO  ru.mirea.pract_22.Application – Starting Application using Java 17.0.10 with PID 25536 (D:\IntelliJ IDEA Community Edition 2023.2.1\Projects\pract_22\build\classes\java\main started by Roman in D:\IntelliJ IDEA Community Edition 2023.2.1\Projects\pract_22)
491  [main] INFO  ru.mirea.pract_22.Application – No active profile set, falling back to 1 default profile: "default"
972  [main] INFO  o.s.d.r.c.RepositoryConfigurationDelegate – Bootstrapping Spring Data JPA repositories in DEFAULT mode.
1083 [main] INFO  o.s.d.r.c.RepositoryConfigurationDelegate – Finished Spring Data repository scanning in 103 ms. Found 2 JPA repository interfaces.
1573 [main] INFO  o.s.b.w.e.tomcat.TomcatWebServer – Tomcat initialized with port 8016 (http)
1581 [main] INFO  o.a.coyote.http11.Http11NioProtocol – Initializing ProtocolHandler ["http-nio-8016"]
1582 [main] INFO  o.a.catalina.core.StandardService – Starting service [Tomcat]
1583 [main] INFO  o.a.catalina.core.StandardEngine – Starting Servlet engine: [Apache Tomcat/10.1.19]
1636 [main] INFO  o.a.c.c.C.[Tomcat].[localhost].[/] – Initializing Spring embedded WebApplicationContext
1637 [main] INFO  o.s.b.w.s.c.ServletWebServerApplicationContext – Root WebApplicationContext: initialization completed in 1113 ms
1753 [main] INFO  o.h.jpa.internal.util.LogHelper – HHH000204: Processing PersistenceUnitInfo [name: default]
1795 [main] INFO  org.hibernate.Version – HHH000412: Hibernate ORM core version 6.4.4.Final
1821 [main] INFO  o.h.c.i.RegionFactoryInitiator – HHH000026: Second-level cache disabled
1997 [main] INFO  o.s.o.j.p.SpringPersistenceUnitInfo – No LoadTimeWeaver setup: ignoring JPA class transformer
2016 [main] INFO  com.zaxxer.hikari.HikariDataSource – HikariPool-1 - Starting...
2158 [main] INFO  com.zaxxer.hikari.pool.HikariPool – HikariPool-1 - Added connection org.postgresql.jdbc.PgConnection@7ff09659
2160 [main] INFO  com.zaxxer.hikari.HikariDataSource – HikariPool-1 - Start completed.
2189 [main] WARN  org.hibernate.orm.deprecation – HHH90000025: PostgreSQLDialect does not need to be specified explicitly using 'hibernate.dialect' (remove the property setting and it will be selected by default)
2822 [main] INFO  o.h.e.t.j.p.i.JtaPlatformInitiator – HHH000489: No JTA platform available (set 'hibernate.transaction.jta.platform' to enable JTA platform integration)
2859 [main] INFO  o.s.o.j.LocalContainerEntityManagerFactoryBean – Initialized JPA EntityManagerFactory for persistence unit 'default'
3158 [main] WARN  o.s.b.a.o.j.JpaBaseConfiguration$JpaWebConfiguration – spring.jpa.open-in-view is enabled by default. Therefore, database queries may be performed during view rendering. Explicitly configure spring.jpa.open-in-view to disable this warning
3391 [main] INFO  o.a.coyote.http11.Http11NioProtocol – Starting ProtocolHandler ["http-nio-8016"]
3404 [main] INFO  o.s.b.w.e.tomcat.TomcatWebServer – Tomcat started on port 8016 (http) with context path ''
3411 [main] INFO  ru.mirea.pract_22.Application – Started Application in 3.152 seconds (process running for 3.555)
11104 [http-nio-8016-exec-1] INFO  o.a.c.c.C.[Tomcat].[localhost].[/] – Initializing Spring DispatcherServlet 'dispatcherServlet'
11104 [http-nio-8016-exec-1] INFO  o.s.web.servlet.DispatcherServlet – Initializing Servlet 'dispatcherServlet'
11105 [http-nio-8016-exec-1] INFO  o.s.web.servlet.DispatcherServlet – Completed initialization in 0 ms
11134 [http-nio-8016-exec-1] INFO  ru.mirea.pract_22.Aspect – 2024-05-28 21:00:32
11134 [http-nio-8016-exec-1] INFO  r.m.pract_22.service.ProductService – Reading all products
